<?xml version="1.0" encoding="UTF-8"?>
<!-- Generated by org.testng.reporters.JUnitReportReporter -->
<testsuite skipped="0" hostname="DDC6-L-7013R7Q" name="Evaluation.Evaluation2" tests="1" failures="0" timestamp="28 Nov 2019 05:04:52 GMT" time="4.772" errors="0">
  <testcase name="f" time="4.772" classname="Evaluation.Evaluation2"/>
</testsuite> <!-- Evaluation.Evaluation2 -->
