<?xml version="1.0" encoding="UTF-8"?>
<!-- Generated by org.testng.reporters.JUnitReportReporter -->
<testsuite skipped="0" hostname="DDC6-L-7013R7Q" name="test.Evaluation.Evaluation2" tests="2" failures="0" timestamp="28 Nov 2019 05:40:06 GMT" time="3.821" errors="0">
  <testcase name="getResponse" time="2.724" classname="test.Evaluation.Evaluation2"/>
  <testcase name="validateResponse" time="1.097" classname="test.Evaluation.Evaluation2"/>
</testsuite> <!-- test.Evaluation.Evaluation2 -->
